0 info it worked if it ends with ok
1 verbose cli [ '/usr/local/bin/node', '/usr/local/bin/npm', 'start' ]
2 info using npm@3.5.0
3 info using node@v5.0.0
4 verbose run-script [ 'prestart', 'start', 'poststart' ]
5 info lifecycle thermoexpress@0.0.0~prestart: thermoexpress@0.0.0
6 silly lifecycle thermoexpress@0.0.0~prestart: no script for prestart, continuing
7 info lifecycle thermoexpress@0.0.0~start: thermoexpress@0.0.0
8 verbose lifecycle thermoexpress@0.0.0~start: unsafe-perm in lifecycle true
9 verbose lifecycle thermoexpress@0.0.0~start: PATH: /usr/local/lib/node_modules/npm/bin/node-gyp-bin:/Users/philipclarke/Dropbox/makers/thermoexpress/node_modules/.bin:/usr/local/heroku/bin:/Users/philipclarke/.rvm/gems/ruby-2.2.1/bin:/Users/philipclarke/.rvm/gems/ruby-2.2.1@global/bin:/Users/philipclarke/.rvm/rubies/ruby-2.2.1/bin:/usr/local/bin:/usr/local/bin:/usr/bin:/bin:/usr/sbin:/sbin:/usr/local/git/bin:/Applications/Dev Desktop/drush:/Applications/acquia-drupal/drush:/Applications/acquia-drupal1/drush:/Applications/DevDesktop/drush:/Applications/DevDesktop1/drush:/Users/philipclarke/.rvm/bin:/Applications/Dev Desktop/drush:/Applications/acquia-drupal/drush:/Applications/acquia-drupal1/drush:/Applications/DevDesktop/drush:/Applications/DevDesktop1/drush
10 verbose lifecycle thermoexpress@0.0.0~start: CWD: /Users/philipclarke/Dropbox/makers/thermoexpress
11 silly lifecycle thermoexpress@0.0.0~start: Args: [ '-c', 'node ./bin/www' ]
12 silly lifecycle thermoexpress@0.0.0~start: Returned: code: 1  signal: null
13 info lifecycle thermoexpress@0.0.0~start: Failed to exec start script
14 verbose stack Error: thermoexpress@0.0.0 start: `node ./bin/www`
14 verbose stack Exit status 1
14 verbose stack     at EventEmitter.<anonymous> (/usr/local/lib/node_modules/npm/lib/utils/lifecycle.js:232:16)
14 verbose stack     at emitTwo (events.js:87:13)
14 verbose stack     at EventEmitter.emit (events.js:172:7)
14 verbose stack     at ChildProcess.<anonymous> (/usr/local/lib/node_modules/npm/lib/utils/spawn.js:24:14)
14 verbose stack     at emitTwo (events.js:87:13)
14 verbose stack     at ChildProcess.emit (events.js:172:7)
14 verbose stack     at maybeClose (internal/child_process.js:818:16)
14 verbose stack     at Process.ChildProcess._handle.onexit (internal/child_process.js:211:5)
15 verbose pkgid thermoexpress@0.0.0
16 verbose cwd /Users/philipclarke/Dropbox/makers/thermoexpress
17 error Darwin 14.5.0
18 error argv "/usr/local/bin/node" "/usr/local/bin/npm" "start"
19 error node v5.0.0
20 error npm  v3.5.0
21 error code ELIFECYCLE
22 error thermoexpress@0.0.0 start: `node ./bin/www`
22 error Exit status 1
23 error Failed at the thermoexpress@0.0.0 start script 'node ./bin/www'.
23 error Make sure you have the latest version of node.js and npm installed.
23 error If you do, this is most likely a problem with the thermoexpress package,
23 error not with npm itself.
23 error Tell the author that this fails on your system:
23 error     node ./bin/www
23 error You can get their info via:
23 error     npm owner ls thermoexpress
23 error There is likely additional logging output above.
24 verbose exit [ 1, true ]
